2023-08-07 22:31:27,014 - INFO - ——————————————— AllWhatsPy - AWP ———————————————
2023-08-07 22:31:27,014 - INFO - AWPContatos obteve êxito.
2023-08-07 22:31:27,014 - INFO - AWPMensagem obteve êxito.
2023-08-07 22:31:27,014 - INFO - AWPAudio obteve êxito.
2023-08-07 22:31:27,015 - INFO - AWPUtilidades obteve êxito.
2023-08-07 22:31:32,382 - INFO - Aguardando Login via QR Code...
2023-08-07 22:31:37,395 - INFO - Aguardando Login via QR Code...
2023-08-07 22:31:42,442 - INFO - Aguardando Login via QR Code...
2023-08-07 22:31:47,487 - INFO - Conexão por Server efetuada.
2023-08-07 22:31:47,488 - INFO - <Nome da Pasta: AllWhatsPyHost> | <Usuário: lucas>
2023-08-07 22:31:47,489 - INFO - Aguardando 10 segundos para calibragem.
2023-08-07 22:31:57,490 - INFO - AllWhatsPy.encontrar_contato() inicializou.
2023-08-07 22:32:02,095 - INFO - Atual Contato: +55 21 95906-1623
2023-08-07 22:32:02,095 - INFO - Lista de contatos acessados nesta instância: (+55 21 95906-1623)
2023-08-07 22:32:02,095 - INFO - AllWhatsPy.encontrar_contato() finalizou sua execução com êxito.
2023-08-07 22:32:02,095 - INFO - AllWhatsPy.encontrar_contato() inicializou.
2023-08-07 22:32:06,243 - INFO - Atual Contato: +55 21 95906-1623
2023-08-07 22:32:06,243 - INFO - Lista de contatos acessados nesta instância: (+55 21 95906-1623; +55 21 95906-1623)
2023-08-07 22:32:06,244 - INFO - AllWhatsPy.encontrar_contato() finalizou sua execução com êxito.
2023-08-07 22:32:06,244 - INFO - AllWhatsPy.enviar_mensagem_paragrafada() inicializou.
2023-08-07 22:32:06,445 - INFO - AllWhatsPy.enviar_mensagem_paragrafada() finalizou sua execução com êxito.
