2023-07-23 10:44:49,388 - INFO - AWPMensagem obteve êxito.
2023-07-23 10:45:42,296 - INFO - AWPMensagem obteve êxito.
2023-07-23 10:45:49,985 - INFO - AWPMensagem obteve êxito.
2023-07-23 10:46:16,761 - INFO - AWPMensagem obteve êxito.
2023-07-23 10:46:32,775 - INFO - AWPMensagem obteve êxito.
2023-07-23 10:46:32,775 - INFO - AWPContatos obteve êxito.
2023-07-23 10:46:57,470 - INFO - AWPMensagem obteve êxito.
2023-07-23 10:46:57,472 - INFO - AWPContatos obteve êxito.
2023-07-23 10:48:48,316 - INFO - AWPMensagem obteve êxito.
2023-07-23 10:48:48,316 - INFO - AWPContatos obteve êxito.
2023-07-23 10:49:19,450 - INFO - AWPMensagem obteve êxito.
2023-07-23 10:49:19,450 - INFO - AWPContatos obteve êxito.
2023-07-23 10:49:51,784 - INFO - AWPMensagem obteve êxito.
2023-07-23 10:49:51,785 - INFO - AWPContatos obteve êxito.
2023-07-23 10:50:03,308 - INFO - AWPMensagem obteve êxito.
2023-07-23 10:50:03,309 - INFO - AWPContatos obteve êxito.
2023-07-23 10:51:36,182 - INFO - AWPMensagem obteve êxito.
2023-07-23 10:51:36,182 - INFO - AWPContatos obteve êxito.
2023-07-23 10:51:36,182 - INFO - AWPAudio obteve êxito.
2023-07-23 10:51:36,182 - INFO - ====== WebDriver manager ======
2023-07-23 10:51:37,071 - INFO - There is no [win32] chromedriver "latest" for browser google-chrome "115.0.5790" in cache
2023-07-23 10:51:37,071 - INFO - Get LATEST chromedriver version for google-chrome
2023-07-23 10:51:42,774 - INFO - AWPMensagem obteve êxito.
2023-07-23 10:51:42,774 - INFO - AWPContatos obteve êxito.
2023-07-23 10:51:56,202 - INFO - AWPMensagem obteve êxito.
2023-07-23 10:51:56,202 - INFO - AWPContatos obteve êxito.
2023-07-23 10:51:56,202 - INFO - AWPAudio obteve êxito.
2023-07-23 10:51:56,203 - INFO - ====== WebDriver manager ======
2023-07-23 10:51:56,618 - INFO - There is no [win32] chromedriver "latest" for browser google-chrome "115.0.5790" in cache
2023-07-23 10:51:56,618 - INFO - Get LATEST chromedriver version for google-chrome
2023-07-23 10:52:24,132 - INFO - AWPMensagem obteve êxito.
2023-07-23 10:52:24,133 - INFO - AWPContatos obteve êxito.
2023-07-23 10:52:24,133 - INFO - AWPAudio obteve êxito.
2023-07-23 10:52:24,133 - INFO - ====== WebDriver manager ======
2023-07-23 10:52:24,532 - INFO - There is no [win32] chromedriver "latest" for browser google-chrome "115.0.5790" in cache
2023-07-23 10:52:24,532 - INFO - Get LATEST chromedriver version for google-chrome
2023-07-23 10:56:06,296 - INFO - AWPMensagem obteve êxito.
2023-07-23 10:56:06,297 - INFO - AWPContatos obteve êxito.
2023-07-23 10:56:06,297 - INFO - AWPAudio obteve êxito.
2023-07-23 10:56:06,297 - INFO - ====== WebDriver manager ======
2023-07-23 10:56:06,721 - INFO - There is no [win32] chromedriver "latest" for browser google-chrome "115.0.5790.102" in cache
2023-07-23 10:56:06,721 - INFO - Get LATEST chromedriver version for google-chrome
2023-07-23 10:56:06,966 - INFO - Modern chrome version https://edgedl.me.gvt1.com/edgedl/chrome/chrome-for-testing/115.0.5790.102/win32/chromedriver-win32.zip
2023-07-23 10:56:06,966 - INFO - About to download new driver from https://edgedl.me.gvt1.com/edgedl/chrome/chrome-for-testing/115.0.5790.102/win32/chromedriver-win32.zip
2023-07-23 10:56:07,323 - INFO - Driver downloading response is 200
2023-07-23 10:56:08,309 - INFO - Driver has been saved in cache [C:\Users\lucas\.wdm\drivers\chromedriver\win32\115.0.5790.102]
2023-07-23 10:56:10,946 - INFO - Aguardando Login via QR Code...
2023-07-23 10:56:15,958 - INFO - Aguardando Login via QR Code...
2023-07-23 10:56:20,970 - INFO - Aguardando Login via QR Code...
2023-07-23 10:56:25,980 - INFO - Aguardando Login via QR Code...
2023-07-23 10:56:31,057 - INFO - Aguardando Login via QR Code...
2023-07-23 10:56:36,091 - INFO - Conexao Efetuada!
2023-07-23 10:56:36,092 - INFO - Desconectando Whatsapp...
2023-07-23 10:57:40,012 - INFO - AWPMensagem obteve êxito.
2023-07-23 10:57:40,012 - INFO - AWPContatos obteve êxito.
2023-07-23 10:57:40,012 - INFO - AWPAudio obteve êxito.
2023-07-23 10:57:40,013 - INFO - ====== WebDriver manager ======
2023-07-23 10:57:40,446 - INFO - Driver [C:\Users\lucas\.wdm\drivers\chromedriver\win32\115.0.5790.102\chromedriver-win32/chromedriver.exe] found in cache
2023-07-23 10:57:42,560 - INFO - Aguardando Login via QR Code...
2023-07-23 10:57:47,572 - INFO - Aguardando Login via QR Code...
2023-07-23 10:57:52,584 - INFO - Aguardando Login via QR Code...
2023-07-23 10:57:57,597 - INFO - Aguardando Login via QR Code...
2023-07-23 10:58:02,632 - INFO - Aguardando Login via QR Code...
2023-07-23 10:58:07,743 - INFO - Conexao Efetuada!
2023-07-23 10:58:12,744 - INFO - Desconectando Whatsapp...
2023-07-23 10:58:40,563 - INFO - AWPMensagem obteve êxito.
2023-07-23 10:58:40,563 - INFO - AWPContatos obteve êxito.
2023-07-23 10:58:40,563 - INFO - AWPAudio obteve êxito.
2023-07-23 10:58:40,564 - INFO - ====== WebDriver manager ======
2023-07-23 10:58:40,979 - INFO - Driver [C:\Users\lucas\.wdm\drivers\chromedriver\win32\115.0.5790.102\chromedriver-win32/chromedriver.exe] found in cache
2023-07-23 10:58:42,994 - INFO - Aguardando Login via QR Code...
2023-07-23 10:58:48,008 - INFO - Aguardando Login via QR Code...
2023-07-23 10:58:53,020 - INFO - Aguardando Login via QR Code...
2023-07-23 10:58:58,032 - INFO - Aguardando Login via QR Code...
2023-07-23 10:59:03,052 - INFO - Aguardando Login via QR Code...
2023-07-23 10:59:08,069 - INFO - Conexao Efetuada!
2023-07-23 10:59:23,635 - INFO - Desconectando Whatsapp...
2023-07-23 11:00:11,538 - INFO - AWPMensagem obteve êxito.
2023-07-23 11:00:11,539 - INFO - AWPContatos obteve êxito.
2023-07-23 11:03:08,057 - INFO - AWPMensagem obteve êxito.
2023-07-23 11:03:08,058 - INFO - AWPContatos obteve êxito.
2023-07-23 11:03:08,058 - INFO - AWPAudio obteve êxito.
2023-07-23 11:03:08,058 - INFO - ====== WebDriver manager ======
2023-07-23 11:03:08,520 - INFO - Driver [C:\Users\lucas\.wdm\drivers\chromedriver\win32\115.0.5790.102\chromedriver-win32/chromedriver.exe] found in cache
2023-07-23 11:03:10,503 - INFO - Aguardando Login via QR Code...
2023-07-23 11:03:15,515 - INFO - Aguardando Login via QR Code...
2023-07-23 11:03:20,527 - INFO - Aguardando Login via QR Code...
2023-07-23 11:03:25,585 - INFO - Aguardando Login via QR Code...
2023-07-23 11:03:30,602 - INFO - Conexao Efetuada!
2023-07-23 11:03:30,602 - INFO - Desconectando Whatsapp...
2023-07-23 12:03:22,008 - INFO - AWPMensagem obteve êxito.
2023-07-23 12:03:22,008 - INFO - AWPContatos obteve êxito.
2023-07-23 12:03:22,009 - INFO - AWPAudio obteve êxito.
2023-07-23 12:03:22,009 - INFO - ====== WebDriver manager ======
2023-07-23 12:03:22,449 - INFO - Driver [C:\Users\lucas\.wdm\drivers\chromedriver\win32\115.0.5790.102\chromedriver-win32/chromedriver.exe] found in cache
2023-07-23 12:14:25,886 - INFO - AWPMensagem obteve êxito.
2023-07-23 12:14:25,886 - INFO - AWPContatos obteve êxito.
2023-07-23 12:14:25,886 - INFO - AWPAudio obteve êxito.
2023-07-23 12:14:25,887 - INFO - ====== WebDriver manager ======
2023-07-23 12:14:26,343 - INFO - Driver [C:\Users\lucas\.wdm\drivers\chromedriver\win32\115.0.5790.102\chromedriver-win32/chromedriver.exe] found in cache
2023-07-23 12:14:29,204 - INFO - Aguardando Login via QR Code...
2023-07-23 12:14:34,215 - INFO - Aguardando Login via QR Code...
2023-07-23 12:14:39,227 - INFO - Aguardando Login via QR Code...
2023-07-23 12:14:44,245 - INFO - Aguardando Login via QR Code...
2023-07-23 12:14:49,433 - INFO - Conexao Efetuada!
2023-07-23 12:16:26,252 - INFO - AWPMensagem obteve êxito.
2023-07-23 12:16:26,252 - INFO - AWPContatos obteve êxito.
2023-07-23 12:16:26,252 - INFO - AWPAudio obteve êxito.
2023-07-23 12:16:26,253 - INFO - ====== WebDriver manager ======
2023-07-23 12:16:26,810 - INFO - Driver [C:\Users\lucas\.wdm\drivers\chromedriver\win32\115.0.5790.102\chromedriver-win32/chromedriver.exe] found in cache
2023-07-23 12:16:29,107 - INFO - Aguardando Login via QR Code...
2023-07-23 12:16:34,118 - INFO - Aguardando Login via QR Code...
2023-07-23 12:16:39,129 - INFO - Aguardando Login via QR Code...
2023-07-23 12:16:44,141 - INFO - Aguardando Login via QR Code...
2023-07-23 12:16:49,151 - INFO - Aguardando Login via QR Code...
2023-07-23 12:16:54,163 - INFO - Aguardando Login via QR Code...
2023-07-23 12:16:59,175 - INFO - Aguardando Login via QR Code...
2023-07-23 12:17:04,187 - INFO - Aguardando Login via QR Code...
2023-07-23 12:17:09,200 - INFO - Aguardando Login via QR Code...
2023-07-23 12:17:14,231 - INFO - Aguardando Login via QR Code...
2023-07-23 12:17:19,244 - INFO - Aguardando Login via QR Code...
2023-07-23 12:17:24,256 - INFO - Aguardando Login via QR Code...
2023-07-23 12:17:29,268 - INFO - Aguardando Login via QR Code...
2023-07-23 12:17:34,281 - INFO - Aguardando Login via QR Code...
2023-07-23 12:17:39,291 - INFO - Aguardando Login via QR Code...
2023-07-23 12:17:44,305 - INFO - Aguardando Login via QR Code...
2023-07-23 12:17:49,319 - INFO - Aguardando Login via QR Code...
2023-07-23 12:17:54,351 - INFO - Aguardando Login via QR Code...
2023-07-23 12:17:59,374 - INFO - Aguardando Login via QR Code...
2023-07-23 12:18:04,399 - INFO - Aguardando Login via QR Code...
2023-07-23 12:18:09,413 - INFO - Aguardando Login via QR Code...
2023-07-23 12:18:14,424 - INFO - Aguardando Login via QR Code...
2023-07-23 12:18:19,435 - INFO - Aguardando Login via QR Code...
2023-07-23 12:18:24,448 - INFO - Aguardando Login via QR Code...
2023-07-23 12:18:29,461 - INFO - Aguardando Login via QR Code...
2023-07-23 12:18:34,474 - INFO - Aguardando Login via QR Code...
2023-07-23 12:18:39,485 - INFO - Aguardando Login via QR Code...
2023-07-23 12:18:44,499 - INFO - Aguardando Login via QR Code...
2023-07-23 12:18:49,511 - INFO - Aguardando Login via QR Code...
2023-07-23 12:18:54,522 - INFO - Aguardando Login via QR Code...
2023-07-23 12:18:59,534 - INFO - Aguardando Login via QR Code...
2023-07-23 12:19:04,544 - INFO - Aguardando Login via QR Code...
2023-07-23 12:19:09,557 - INFO - Aguardando Login via QR Code...
2023-07-23 12:19:14,571 - INFO - Aguardando Login via QR Code...
2023-07-23 12:19:19,582 - INFO - Aguardando Login via QR Code...
2023-07-23 12:19:24,594 - INFO - Aguardando Login via QR Code...
2023-07-23 12:19:29,606 - INFO - Aguardando Login via QR Code...
2023-07-23 12:19:34,621 - INFO - Aguardando Login via QR Code...
2023-07-23 12:19:39,633 - INFO - Aguardando Login via QR Code...
2023-07-23 12:19:44,646 - INFO - Aguardando Login via QR Code...
2023-07-23 12:19:49,657 - INFO - Aguardando Login via QR Code...
2023-07-23 12:19:54,669 - INFO - Aguardando Login via QR Code...
2023-07-23 12:19:59,682 - INFO - Aguardando Login via QR Code...
2023-07-23 12:20:04,694 - INFO - Aguardando Login via QR Code...
2023-07-23 12:20:09,706 - INFO - Aguardando Login via QR Code...
2023-07-23 12:20:14,719 - INFO - Aguardando Login via QR Code...
2023-07-23 12:20:19,730 - INFO - Aguardando Login via QR Code...
2023-07-23 12:20:24,742 - INFO - Aguardando Login via QR Code...
2023-07-23 12:20:29,753 - INFO - Aguardando Login via QR Code...
2023-07-23 12:20:34,765 - INFO - Aguardando Login via QR Code...
2023-07-23 12:20:39,778 - INFO - Aguardando Login via QR Code...
2023-07-23 12:20:44,789 - INFO - Aguardando Login via QR Code...
2023-07-23 12:20:49,800 - INFO - Aguardando Login via QR Code...
2023-07-23 12:20:54,813 - INFO - Aguardando Login via QR Code...
2023-07-23 12:20:59,825 - INFO - Aguardando Login via QR Code...
2023-07-23 12:21:04,837 - INFO - Aguardando Login via QR Code...
2023-07-23 12:21:09,849 - INFO - Aguardando Login via QR Code...
2023-07-23 12:21:14,862 - INFO - Aguardando Login via QR Code...
2023-07-23 12:21:19,877 - INFO - Aguardando Login via QR Code...
2023-07-23 12:21:24,889 - INFO - Aguardando Login via QR Code...
2023-07-23 12:21:29,902 - INFO - Aguardando Login via QR Code...
2023-07-23 12:21:34,912 - INFO - Aguardando Login via QR Code...
2023-07-23 12:21:39,925 - INFO - Aguardando Login via QR Code...
2023-07-23 12:21:44,938 - INFO - Aguardando Login via QR Code...
2023-07-23 12:21:49,951 - INFO - Aguardando Login via QR Code...
2023-07-23 12:21:54,960 - INFO - Aguardando Login via QR Code...
2023-07-23 12:21:59,973 - INFO - Aguardando Login via QR Code...
2023-07-23 12:22:04,987 - INFO - Aguardando Login via QR Code...
2023-07-23 12:22:10,000 - INFO - Aguardando Login via QR Code...
2023-07-23 12:22:15,012 - INFO - Aguardando Login via QR Code...
2023-07-23 12:22:20,023 - INFO - Aguardando Login via QR Code...
2023-07-23 12:22:25,035 - INFO - Aguardando Login via QR Code...
2023-07-23 12:22:30,048 - INFO - Aguardando Login via QR Code...
2023-07-23 12:22:35,060 - INFO - Aguardando Login via QR Code...
2023-07-23 12:22:40,071 - INFO - Aguardando Login via QR Code...
2023-07-23 12:22:45,084 - INFO - Aguardando Login via QR Code...
2023-07-23 12:22:50,097 - INFO - Aguardando Login via QR Code...
2023-07-23 12:22:55,110 - INFO - Aguardando Login via QR Code...
2023-07-23 12:23:00,122 - INFO - Aguardando Login via QR Code...
2023-07-23 12:23:05,133 - INFO - Aguardando Login via QR Code...
2023-07-23 12:23:10,147 - INFO - Aguardando Login via QR Code...
2023-07-23 12:23:15,161 - INFO - Aguardando Login via QR Code...
2023-07-23 12:23:20,174 - INFO - Aguardando Login via QR Code...
2023-07-23 12:23:25,187 - INFO - Aguardando Login via QR Code...
2023-07-23 12:23:30,198 - INFO - Aguardando Login via QR Code...
2023-07-23 12:23:35,254 - INFO - Aguardando Login via QR Code...
2023-07-23 12:23:40,268 - INFO - Aguardando Login via QR Code...
2023-07-23 12:23:45,278 - INFO - Aguardando Login via QR Code...
2023-07-23 12:23:50,292 - INFO - Aguardando Login via QR Code...
2023-07-23 12:23:55,306 - INFO - Aguardando Login via QR Code...
2023-07-23 12:24:00,320 - INFO - Aguardando Login via QR Code...
2023-07-23 12:24:05,332 - INFO - Aguardando Login via QR Code...
2023-07-23 12:24:10,344 - INFO - Aguardando Login via QR Code...
2023-07-23 12:24:15,355 - INFO - Aguardando Login via QR Code...
2023-07-23 12:24:20,368 - INFO - Aguardando Login via QR Code...
2023-07-23 12:24:25,381 - INFO - Aguardando Login via QR Code...
2023-07-23 12:24:30,394 - INFO - Aguardando Login via QR Code...
2023-07-23 12:24:35,406 - INFO - Aguardando Login via QR Code...
2023-07-23 12:24:40,418 - INFO - Aguardando Login via QR Code...
2023-07-23 12:24:45,431 - INFO - Aguardando Login via QR Code...
2023-07-23 12:24:50,443 - INFO - Aguardando Login via QR Code...
2023-07-23 12:24:55,456 - INFO - Aguardando Login via QR Code...
2023-07-23 12:25:00,466 - INFO - Aguardando Login via QR Code...
2023-07-23 12:25:05,480 - INFO - Aguardando Login via QR Code...
2023-07-23 12:25:10,492 - INFO - Aguardando Login via QR Code...
2023-07-23 12:25:15,504 - INFO - Aguardando Login via QR Code...
2023-07-23 12:25:20,515 - INFO - Aguardando Login via QR Code...
2023-07-23 12:25:25,527 - INFO - Aguardando Login via QR Code...
2023-07-23 12:25:30,540 - INFO - Aguardando Login via QR Code...
2023-07-23 12:25:35,554 - INFO - Aguardando Login via QR Code...
2023-07-23 12:25:40,567 - INFO - Aguardando Login via QR Code...
2023-07-23 12:25:45,577 - INFO - Aguardando Login via QR Code...
2023-07-23 12:25:50,592 - INFO - Aguardando Login via QR Code...
2023-07-23 12:25:55,604 - INFO - Aguardando Login via QR Code...
2023-07-23 12:26:00,617 - INFO - Aguardando Login via QR Code...
2023-07-23 12:26:05,628 - INFO - Aguardando Login via QR Code...
2023-07-23 12:26:10,640 - INFO - Aguardando Login via QR Code...
2023-07-23 12:26:15,654 - INFO - Aguardando Login via QR Code...
2023-07-23 12:26:20,668 - INFO - Aguardando Login via QR Code...
2023-07-23 12:26:25,680 - INFO - Aguardando Login via QR Code...
2023-07-23 12:26:30,693 - INFO - Aguardando Login via QR Code...
2023-07-23 12:26:35,705 - INFO - Aguardando Login via QR Code...
2023-07-23 12:26:40,720 - INFO - Aguardando Login via QR Code...
2023-07-23 12:26:45,732 - INFO - Aguardando Login via QR Code...
2023-07-23 12:26:50,764 - INFO - Aguardando Login via QR Code...
2023-07-23 12:26:55,776 - INFO - Aguardando Login via QR Code...
2023-07-23 12:27:00,791 - INFO - Aguardando Login via QR Code...
2023-07-23 12:27:05,803 - INFO - Aguardando Login via QR Code...
2023-07-23 12:27:10,816 - INFO - Aguardando Login via QR Code...
2023-07-23 12:27:15,829 - INFO - Aguardando Login via QR Code...
2023-07-23 12:27:20,840 - INFO - Aguardando Login via QR Code...
2023-07-23 12:27:25,852 - INFO - Aguardando Login via QR Code...
2023-07-23 12:27:30,864 - INFO - Aguardando Login via QR Code...
2023-07-23 12:27:35,877 - INFO - Aguardando Login via QR Code...
2023-07-23 12:27:40,888 - INFO - Aguardando Login via QR Code...
2023-07-23 12:27:45,901 - INFO - Aguardando Login via QR Code...
2023-07-23 12:27:50,913 - INFO - Aguardando Login via QR Code...
2023-07-23 12:27:55,926 - INFO - Aguardando Login via QR Code...
2023-07-23 12:28:00,939 - INFO - Aguardando Login via QR Code...
2023-07-23 12:28:05,951 - INFO - Aguardando Login via QR Code...
2023-07-23 12:28:10,963 - INFO - Aguardando Login via QR Code...
2023-07-23 12:28:15,975 - INFO - Aguardando Login via QR Code...
2023-07-23 12:28:20,986 - INFO - Aguardando Login via QR Code...
2023-07-23 12:28:25,999 - INFO - Aguardando Login via QR Code...
2023-07-23 12:28:31,012 - INFO - Aguardando Login via QR Code...
2023-07-23 12:28:36,024 - INFO - Aguardando Login via QR Code...
2023-07-23 12:28:41,037 - INFO - Aguardando Login via QR Code...
2023-07-23 12:28:46,050 - INFO - Aguardando Login via QR Code...
2023-07-23 12:28:51,061 - INFO - Aguardando Login via QR Code...
2023-07-23 12:28:56,074 - INFO - Aguardando Login via QR Code...
2023-07-23 12:29:01,086 - INFO - Aguardando Login via QR Code...
2023-07-23 12:29:06,099 - INFO - Aguardando Login via QR Code...
2023-07-23 12:29:11,112 - INFO - Aguardando Login via QR Code...
2023-07-23 12:29:16,124 - INFO - Aguardando Login via QR Code...
2023-07-23 12:29:21,135 - INFO - Aguardando Login via QR Code...
2023-07-23 12:29:26,148 - INFO - Aguardando Login via QR Code...
2023-07-23 12:29:31,161 - INFO - Aguardando Login via QR Code...
2023-07-23 12:29:36,173 - INFO - Aguardando Login via QR Code...
2023-07-23 12:29:41,185 - INFO - Aguardando Login via QR Code...
2023-07-23 12:29:46,196 - INFO - Aguardando Login via QR Code...
2023-07-23 12:29:51,208 - INFO - Aguardando Login via QR Code...
2023-07-23 12:29:56,221 - INFO - Aguardando Login via QR Code...
2023-07-23 12:30:01,233 - INFO - Aguardando Login via QR Code...
2023-07-23 12:30:06,245 - INFO - Aguardando Login via QR Code...
2023-07-23 12:30:11,259 - INFO - Aguardando Login via QR Code...
2023-07-23 12:30:16,272 - INFO - Aguardando Login via QR Code...
2023-07-23 12:30:21,285 - INFO - Aguardando Login via QR Code...
2023-07-23 12:30:26,298 - INFO - Aguardando Login via QR Code...
2023-07-23 12:30:31,310 - INFO - Aguardando Login via QR Code...
2023-07-23 12:30:36,322 - INFO - Aguardando Login via QR Code...
2023-07-23 12:30:41,335 - INFO - Aguardando Login via QR Code...
2023-07-23 12:30:46,348 - INFO - Aguardando Login via QR Code...
2023-07-23 12:30:51,360 - INFO - Aguardando Login via QR Code...
2023-07-23 12:30:56,373 - INFO - Aguardando Login via QR Code...
2023-07-23 12:31:01,386 - INFO - Aguardando Login via QR Code...
2023-07-23 12:31:06,398 - INFO - Aguardando Login via QR Code...
2023-07-23 12:31:11,410 - INFO - Aguardando Login via QR Code...
2023-07-23 12:31:16,425 - INFO - Aguardando Login via QR Code...
2023-07-23 12:31:21,435 - INFO - Aguardando Login via QR Code...
2023-07-23 12:31:26,449 - INFO - Aguardando Login via QR Code...
2023-07-23 12:31:31,460 - INFO - Aguardando Login via QR Code...
2023-07-23 12:31:36,472 - INFO - Aguardando Login via QR Code...
2023-07-23 12:31:41,485 - INFO - Aguardando Login via QR Code...
2023-07-23 12:31:46,497 - INFO - Aguardando Login via QR Code...
2023-07-23 12:31:51,509 - INFO - Aguardando Login via QR Code...
2023-07-23 12:31:56,522 - INFO - Aguardando Login via QR Code...
2023-07-23 12:32:01,535 - INFO - Aguardando Login via QR Code...
2023-07-23 12:32:06,545 - INFO - Aguardando Login via QR Code...
2023-07-23 12:32:11,558 - INFO - Aguardando Login via QR Code...
2023-07-23 12:32:16,571 - INFO - Aguardando Login via QR Code...
2023-07-23 12:32:21,584 - INFO - Aguardando Login via QR Code...
2023-07-23 12:32:26,595 - INFO - Aguardando Login via QR Code...
2023-07-23 12:32:31,608 - INFO - Aguardando Login via QR Code...
2023-07-23 12:32:36,619 - INFO - Aguardando Login via QR Code...
2023-07-23 12:32:41,632 - INFO - Aguardando Login via QR Code...
2023-07-23 12:32:46,644 - INFO - Aguardando Login via QR Code...
2023-07-23 12:32:51,656 - INFO - Aguardando Login via QR Code...
2023-07-23 12:32:56,669 - INFO - Aguardando Login via QR Code...
2023-07-23 12:33:01,682 - INFO - Aguardando Login via QR Code...
2023-07-23 12:33:06,695 - INFO - Aguardando Login via QR Code...
2023-07-23 12:33:11,705 - INFO - Aguardando Login via QR Code...
2023-07-23 12:33:16,716 - INFO - Aguardando Login via QR Code...
2023-07-23 12:33:21,729 - INFO - Aguardando Login via QR Code...
2023-07-23 12:33:26,742 - INFO - Aguardando Login via QR Code...
2023-07-23 12:33:31,756 - INFO - Aguardando Login via QR Code...
2023-07-23 12:35:03,378 - INFO - AWPMensagem obteve êxito.
2023-07-23 12:35:03,378 - INFO - AWPContatos obteve êxito.
2023-07-23 12:35:03,378 - INFO - AWPAudio obteve êxito.
2023-07-23 12:35:03,379 - INFO - ====== WebDriver manager ======
2023-07-23 12:35:04,098 - INFO - Driver [C:\Users\lucas\.wdm\drivers\chromedriver\win32\115.0.5790.102\chromedriver-win32/chromedriver.exe] found in cache
2023-07-23 12:35:06,395 - INFO - Aguardando Login via QR Code...
2023-07-23 12:35:11,408 - INFO - Aguardando Login via QR Code...
2023-07-23 12:35:16,592 - INFO - Aguardando Login via QR Code...
2023-07-23 12:35:21,710 - INFO - Aguardando Login via QR Code...
2023-07-23 12:35:26,741 - INFO - Conexao Efetuada!
2023-07-23 12:38:08,257 - INFO - AWPMensagem obteve êxito.
2023-07-23 12:38:08,258 - INFO - AWPContatos obteve êxito.
2023-07-23 12:38:08,258 - INFO - AWPAudio obteve êxito.
2023-07-23 12:38:08,258 - INFO - ====== WebDriver manager ======
2023-07-23 12:38:08,703 - INFO - Driver [C:\Users\lucas\.wdm\drivers\chromedriver\win32\115.0.5790.102\chromedriver-win32/chromedriver.exe] found in cache
2023-07-23 12:38:10,659 - INFO - Aguardando Login via QR Code...
2023-07-23 12:38:15,671 - INFO - Aguardando Login via QR Code...
2023-07-23 12:38:20,683 - INFO - Aguardando Login via QR Code...
2023-07-23 12:38:26,029 - INFO - Aguardando Login via QR Code...
2023-07-23 12:38:31,049 - INFO - Conexao Efetuada!
2023-07-23 12:39:01,287 - INFO - AWPMensagem obteve êxito.
2023-07-23 12:39:01,288 - INFO - AWPContatos obteve êxito.
2023-07-23 12:39:01,288 - INFO - AWPAudio obteve êxito.
2023-07-23 12:39:01,288 - INFO - ====== WebDriver manager ======
2023-07-23 12:39:01,799 - INFO - Driver [C:\Users\lucas\.wdm\drivers\chromedriver\win32\115.0.5790.102\chromedriver-win32/chromedriver.exe] found in cache
2023-07-23 12:39:03,856 - INFO - Aguardando Login via QR Code...
2023-07-23 12:39:08,868 - INFO - Aguardando Login via QR Code...
2023-07-23 12:39:13,881 - INFO - Aguardando Login via QR Code...
2023-07-23 12:39:19,078 - INFO - Conexao Efetuada!
2023-07-23 12:40:19,479 - INFO - AWPMensagem obteve êxito.
2023-07-23 12:40:19,479 - INFO - AWPContatos obteve êxito.
2023-07-23 12:40:19,480 - INFO - AWPAudio obteve êxito.
2023-07-23 12:40:19,480 - INFO - ====== WebDriver manager ======
2023-07-23 12:40:19,908 - INFO - Driver [C:\Users\lucas\.wdm\drivers\chromedriver\win32\115.0.5790.102\chromedriver-win32/chromedriver.exe] found in cache
2023-07-23 12:40:21,870 - INFO - Aguardando Login via QR Code...
2023-07-23 12:40:26,883 - INFO - Aguardando Login via QR Code...
2023-07-23 12:40:31,906 - INFO - Aguardando Login via QR Code...
2023-07-23 12:40:37,568 - INFO - Conexao Efetuada!
2023-07-23 12:43:41,477 - INFO - AWPMensagem obteve êxito.
2023-07-23 12:43:41,477 - INFO - AWPContatos obteve êxito.
2023-07-23 12:43:41,477 - INFO - AWPAudio obteve êxito.
2023-07-23 12:43:41,478 - INFO - ====== WebDriver manager ======
2023-07-23 12:43:41,933 - INFO - Driver [C:\Users\lucas\.wdm\drivers\chromedriver\win32\115.0.5790.102\chromedriver-win32/chromedriver.exe] found in cache
2023-07-23 12:43:43,948 - INFO - Aguardando Login via QR Code...
2023-07-23 12:43:48,959 - INFO - Aguardando Login via QR Code...
2023-07-23 12:43:53,972 - INFO - Aguardando Login via QR Code...
2023-07-23 12:43:58,981 - INFO - Aguardando Login via QR Code...
2023-07-23 12:44:03,993 - INFO - Aguardando Login via QR Code...
2023-07-23 12:44:09,229 - INFO - Aguardando Login via QR Code...
2023-07-23 12:44:14,245 - INFO - Conexao Efetuada!
2023-07-23 12:44:39,905 - INFO - AWPMensagem obteve êxito.
2023-07-23 12:44:39,906 - INFO - AWPContatos obteve êxito.
2023-07-23 12:44:39,906 - INFO - AWPAudio obteve êxito.
2023-07-23 12:44:39,906 - INFO - ====== WebDriver manager ======
2023-07-23 12:44:40,408 - INFO - Driver [C:\Users\lucas\.wdm\drivers\chromedriver\win32\115.0.5790.102\chromedriver-win32/chromedriver.exe] found in cache
2023-07-23 12:44:42,586 - INFO - Aguardando Login via QR Code...
2023-07-23 12:44:47,598 - INFO - Aguardando Login via QR Code...
2023-07-23 12:44:52,615 - INFO - Aguardando Login via QR Code...
2023-07-23 12:44:57,626 - INFO - Aguardando Login via QR Code...
2023-07-23 12:45:03,106 - INFO - Aguardando Login via QR Code...
2023-07-23 12:45:08,216 - INFO - Conexao Efetuada!
2023-07-23 12:52:03,901 - INFO - AWPMensagem obteve êxito.
2023-07-23 12:52:03,901 - INFO - AWPContatos obteve êxito.
2023-07-23 12:52:03,903 - INFO - AWPAudio obteve êxito.
2023-07-23 12:52:03,903 - INFO - ====== WebDriver manager ======
2023-07-23 12:52:04,337 - INFO - Driver [C:\Users\lucas\.wdm\drivers\chromedriver\win32\115.0.5790.102\chromedriver-win32/chromedriver.exe] found in cache
2023-07-23 12:52:06,311 - INFO - Aguardando Login via QR Code...
2023-07-23 12:52:11,323 - INFO - Aguardando Login via QR Code...
2023-07-23 12:52:16,331 - INFO - Aguardando Login via QR Code...
2023-07-23 12:52:21,349 - INFO - Conexao Efetuada!
2023-07-23 12:53:01,441 - INFO - AWPMensagem obteve êxito.
2023-07-23 12:53:01,441 - INFO - AWPContatos obteve êxito.
2023-07-23 12:53:01,441 - INFO - AWPAudio obteve êxito.
2023-07-23 12:53:01,441 - INFO - ====== WebDriver manager ======
2023-07-23 12:53:01,839 - INFO - Driver [C:\Users\lucas\.wdm\drivers\chromedriver\win32\115.0.5790.102\chromedriver-win32/chromedriver.exe] found in cache
2023-07-23 12:53:03,804 - INFO - Aguardando Login via QR Code...
2023-07-23 12:53:08,818 - INFO - Aguardando Login via QR Code...
2023-07-23 12:53:13,830 - INFO - Aguardando Login via QR Code...
2023-07-23 12:53:18,898 - INFO - Conexao Efetuada!
2023-07-23 12:53:58,993 - INFO - AWPMensagem obteve êxito.
2023-07-23 12:53:58,993 - INFO - AWPContatos obteve êxito.
2023-07-23 12:53:58,994 - INFO - AWPAudio obteve êxito.
2023-07-23 12:53:58,994 - INFO - ====== WebDriver manager ======
2023-07-23 12:53:59,402 - INFO - Driver [C:\Users\lucas\.wdm\drivers\chromedriver\win32\115.0.5790.102\chromedriver-win32/chromedriver.exe] found in cache
2023-07-23 12:54:01,332 - INFO - Aguardando Login via QR Code...
2023-07-23 12:54:06,345 - INFO - Aguardando Login via QR Code...
2023-07-23 12:54:11,564 - INFO - Aguardando Login via QR Code...
2023-07-23 12:54:16,602 - INFO - Conexao Efetuada!
2023-07-23 13:08:49,223 - INFO - AWPMensagem obteve êxito.
2023-07-23 13:08:49,224 - INFO - AWPContatos obteve êxito.
2023-07-23 13:08:49,224 - INFO - AWPAudio obteve êxito.
2023-07-23 13:08:49,224 - INFO - ====== WebDriver manager ======
2023-07-23 13:08:49,651 - INFO - Driver [C:\Users\lucas\.wdm\drivers\chromedriver\win32\115.0.5790.102\chromedriver-win32/chromedriver.exe] found in cache
2023-07-23 13:08:51,566 - INFO - Aguardando Login via QR Code...
2023-07-23 13:08:56,579 - INFO - Aguardando Login via QR Code...
2023-07-23 13:09:01,588 - INFO - Aguardando Login via QR Code...
2023-07-23 13:09:06,630 - INFO - Aguardando Login via QR Code...
2023-07-23 13:09:11,703 - INFO - Aguardando Login via QR Code...
2023-07-23 13:09:16,758 - INFO - Conexao Efetuada!
2023-07-23 13:17:34,295 - INFO - AWPMensagem obteve êxito.
2023-07-23 13:17:34,296 - INFO - AWPContatos obteve êxito.
2023-07-23 13:17:34,296 - INFO - AWPAudio obteve êxito.
2023-07-23 13:17:34,296 - INFO - ====== WebDriver manager ======
2023-07-23 13:17:34,728 - INFO - Driver [C:\Users\lucas\.wdm\drivers\chromedriver\win32\115.0.5790.102\chromedriver-win32/chromedriver.exe] found in cache
2023-07-23 13:17:36,685 - INFO - Aguardando Login via QR Code...
2023-07-23 13:17:41,710 - INFO - Aguardando Login via QR Code...
2023-07-23 13:17:46,738 - INFO - Aguardando Login via QR Code...
2023-07-23 13:17:51,752 - INFO - Conexao Efetuada!
2023-07-23 13:17:58,748 - INFO - Atual Contato: +55 21 95906-1623
2023-07-23 13:17:58,748 - INFO - Lista de contatos acessados nesta instância: ['+55 21 95906-1623']
2023-07-23 13:17:58,748 - INFO - encontrar_contato finalizou sua execução com êxito
2023-07-23 13:20:36,523 - INFO - AWPMensagem obteve êxito.
2023-07-23 13:20:36,524 - INFO - AWPContatos obteve êxito.
2023-07-23 13:20:36,524 - INFO - AWPAudio obteve êxito.
2023-07-23 13:20:36,524 - INFO - ====== WebDriver manager ======
2023-07-23 13:20:36,938 - INFO - Driver [C:\Users\lucas\.wdm\drivers\chromedriver\win32\115.0.5790.102\chromedriver-win32/chromedriver.exe] found in cache
2023-07-23 13:20:38,828 - INFO - Aguardando Login via QR Code...
2023-07-23 13:20:43,841 - INFO - Aguardando Login via QR Code...
2023-07-23 13:20:48,866 - INFO - Aguardando Login via QR Code...
2023-07-23 13:20:54,024 - INFO - Aguardando Login via QR Code...
2023-07-23 13:20:59,235 - INFO - Conexao Efetuada!
2023-07-23 13:21:15,404 - INFO - Atual Contato: +55 21 95906-1623
2023-07-23 13:21:15,404 - INFO - Lista de contatos acessados nesta instância: +55 21 95906-1623
2023-07-23 13:21:15,404 - INFO - encontrar_contato finalizou sua execução com êxito
2023-07-23 13:21:41,965 - INFO - AWPMensagem obteve êxito.
2023-07-23 13:21:41,965 - INFO - AWPContatos obteve êxito.
2023-07-23 13:21:41,966 - INFO - AWPAudio obteve êxito.
2023-07-23 13:21:41,966 - INFO - ====== WebDriver manager ======
2023-07-23 13:21:42,383 - INFO - Driver [C:\Users\lucas\.wdm\drivers\chromedriver\win32\115.0.5790.102\chromedriver-win32/chromedriver.exe] found in cache
2023-07-23 13:21:44,395 - INFO - Aguardando Login via QR Code...
2023-07-23 13:21:49,408 - INFO - Aguardando Login via QR Code...
2023-07-23 13:21:54,421 - INFO - Aguardando Login via QR Code...
2023-07-23 13:21:59,825 - INFO - Aguardando Login via QR Code...
2023-07-23 13:22:04,854 - INFO - Conexao Efetuada!
2023-07-23 13:22:11,761 - INFO - Atual Contato: +55 21 95906-1623
2023-07-23 13:22:11,761 - INFO - Lista de contatos acessados nesta instância: +55 21 95906-1623
2023-07-23 13:22:11,761 - INFO - encontrar_contato finalizou sua execução com êxito
2023-07-23 13:24:49,856 - INFO - AWPMensagem obteve êxito.
2023-07-23 13:24:49,856 - INFO - AWPContatos obteve êxito.
2023-07-23 13:24:49,856 - INFO - AWPAudio obteve êxito.
2023-07-23 13:24:49,856 - INFO - ====== WebDriver manager ======
2023-07-23 13:24:50,281 - INFO - Driver [C:\Users\lucas\.wdm\drivers\chromedriver\win32\115.0.5790.102\chromedriver-win32/chromedriver.exe] found in cache
2023-07-23 13:24:52,723 - INFO - Aguardando Login via QR Code...
2023-07-23 13:24:57,735 - INFO - Aguardando Login via QR Code...
2023-07-23 13:25:02,746 - INFO - Aguardando Login via QR Code...
2023-07-23 13:25:07,757 - INFO - Aguardando Login via QR Code...
2023-07-23 13:25:12,772 - INFO - Conexao Efetuada!
2023-07-23 13:25:33,148 - INFO - Atual Contato: +55 21 95906-1623
2023-07-23 13:25:33,148 - INFO - Lista de contatos acessados nesta instância: +55 21 95906-1623
2023-07-23 13:25:33,148 - INFO - encontrar_contato finalizou sua execução com êxito
2023-07-23 13:27:10,011 - INFO - AWPMensagem obteve êxito.
2023-07-23 13:27:10,011 - INFO - AWPContatos obteve êxito.
2023-07-23 13:27:10,011 - INFO - AWPAudio obteve êxito.
2023-07-23 13:27:10,012 - INFO - ====== WebDriver manager ======
2023-07-23 13:27:10,432 - INFO - Driver [C:\Users\lucas\.wdm\drivers\chromedriver\win32\115.0.5790.102\chromedriver-win32/chromedriver.exe] found in cache
2023-07-23 13:27:12,408 - INFO - Aguardando Login via QR Code...
2023-07-23 13:27:17,422 - INFO - Aguardando Login via QR Code...
2023-07-23 13:27:22,435 - INFO - Aguardando Login via QR Code...
2023-07-23 13:27:27,448 - INFO - Aguardando Login via QR Code...
2023-07-23 13:27:32,953 - INFO - Aguardando Login via QR Code...
2023-07-23 13:27:37,970 - INFO - Conexao Efetuada!
2023-07-23 13:27:44,966 - INFO - Atual Contato: +55 21 95906-1623
2023-07-23 13:27:44,966 - INFO - Lista de contatos acessados nesta instância: +55 21 95906-1623
2023-07-23 13:27:44,967 - INFO - encontrar_contato finalizou sua execução com êxito
2023-07-23 13:28:38,707 - INFO - AWPMensagem obteve êxito.
2023-07-23 13:28:38,707 - INFO - AWPContatos obteve êxito.
2023-07-23 13:28:38,707 - INFO - AWPAudio obteve êxito.
2023-07-23 13:28:38,708 - INFO - ====== WebDriver manager ======
2023-07-23 13:28:39,133 - INFO - Driver [C:\Users\lucas\.wdm\drivers\chromedriver\win32\115.0.5790.102\chromedriver-win32/chromedriver.exe] found in cache
2023-07-23 13:28:41,106 - INFO - Aguardando Login via QR Code...
2023-07-23 13:28:46,119 - INFO - Aguardando Login via QR Code...
2023-07-23 13:28:51,131 - INFO - Aguardando Login via QR Code...
2023-07-23 13:28:56,552 - INFO - Aguardando Login via QR Code...
2023-07-23 13:29:01,570 - INFO - Conexao Efetuada!
2023-07-23 13:29:08,913 - INFO - Atual Contato: +55 21 95906-1623
2023-07-23 13:29:08,914 - INFO - Lista de contatos acessados nesta instância: +55 21 95906-1623
2023-07-23 13:29:08,914 - INFO - encontrar_contato finalizou sua execução com êxito
2023-07-23 13:29:15,104 - INFO - Atual Contato: +55 21 95906-1623
2023-07-23 13:29:15,105 - INFO - Lista de contatos acessados nesta instância: +55 21 95906-1623 - +55 21 95906-1623
2023-07-23 13:29:15,105 - INFO - encontrar_contato finalizou sua execução com êxito
2023-07-23 13:29:21,252 - INFO - Atual Contato: Nilda
2023-07-23 13:29:21,252 - INFO - Lista de contatos acessados nesta instância: +55 21 95906-1623 - +55 21 95906-1623 - Nilda
2023-07-23 13:29:21,253 - INFO - encontrar_contato finalizou sua execução com êxito
2023-07-23 13:46:52,418 - INFO - AWPMensagem obteve êxito.
2023-07-23 13:46:52,419 - INFO - AWPContatos obteve êxito.
2023-07-23 13:46:52,419 - INFO - AWPAudio obteve êxito.
2023-07-23 13:46:52,419 - INFO - ====== WebDriver manager ======
2023-07-23 13:46:52,877 - INFO - Driver [C:\Users\lucas\.wdm\drivers\chromedriver\win32\115.0.5790.102\chromedriver-win32/chromedriver.exe] found in cache
2023-07-23 13:46:54,828 - INFO - Aguardando Login via QR Code...
2023-07-23 13:46:59,839 - INFO - Aguardando Login via QR Code...
2023-07-23 13:47:05,251 - INFO - Aguardando Login via QR Code...
2023-07-23 13:47:10,305 - INFO - Conexao Efetuada!
2023-07-23 13:47:18,051 - INFO - Atual Contato: +55 21 95906-1623
2023-07-23 13:47:18,052 - INFO - Lista de contatos acessados nesta instância: +55 21 95906-1623
2023-07-23 13:47:18,052 - INFO - encontrar_contato finalizou sua execução com êxito
2023-07-23 13:47:24,406 - INFO - Atual Contato: Nilda
2023-07-23 13:47:24,406 - INFO - Lista de contatos acessados nesta instância: +55 21 95906-1623 — Nilda
2023-07-23 13:47:24,407 - INFO - encontrar_contato finalizou sua execução com êxito
2023-07-23 13:47:29,386 - INFO - Atual Contato: +55 21 95906-1623
2023-07-23 13:47:29,386 - INFO - Lista de contatos acessados nesta instância: +55 21 95906-1623 — Nilda — +55 21 95906-1623
2023-07-23 13:47:29,387 - INFO - encontrar_contato finalizou sua execução com êxito
2023-07-23 13:52:25,220 - INFO - AWPMensagem obteve êxito.
2023-07-23 13:52:25,220 - INFO - AWPContatos obteve êxito.
2023-07-23 13:52:25,220 - INFO - AWPAudio obteve êxito.
2023-07-23 13:52:25,220 - INFO - ====== WebDriver manager ======
2023-07-23 13:52:25,686 - INFO - Driver [C:\Users\lucas\.wdm\drivers\chromedriver\win32\115.0.5790.102\chromedriver-win32/chromedriver.exe] found in cache
2023-07-23 13:52:27,552 - INFO - Aguardando Login via QR Code...
2023-07-23 13:52:32,555 - INFO - Aguardando Login via QR Code...
2023-07-23 13:52:37,556 - INFO - Aguardando Login via QR Code...
2023-07-23 13:52:42,558 - INFO - Aguardando Login via QR Code...
2023-07-23 13:53:10,539 - INFO - ——————————————— AllWhatsPy - AWP ———————————————
2023-07-23 13:53:10,540 - INFO - AWPMensagem obteve êxito.
2023-07-23 13:53:10,540 - INFO - AWPContatos obteve êxito.
2023-07-23 13:53:10,540 - INFO - AWPAudio obteve êxito.
2023-07-23 13:53:10,540 - INFO - ====== WebDriver manager ======
2023-07-23 13:53:10,957 - INFO - Driver [C:\Users\lucas\.wdm\drivers\chromedriver\win32\115.0.5790.102\chromedriver-win32/chromedriver.exe] found in cache
2023-07-23 13:53:13,419 - INFO - Aguardando Login via QR Code...
2023-07-23 13:58:07,165 - INFO - ——————————————— AllWhatsPy - AWP ———————————————
2023-07-23 13:58:07,166 - INFO - AWPMensagem obteve êxito.
2023-07-23 13:58:07,166 - INFO - AWPContatos obteve êxito.
2023-07-23 13:58:07,166 - INFO - AWPAudio obteve êxito.
2023-07-23 13:58:48,821 - INFO - ——————————————— AllWhatsPy - AWP ———————————————
2023-07-23 13:58:48,822 - INFO - AWPMensagem obteve êxito.
2023-07-23 13:58:48,822 - INFO - AWPContatos obteve êxito.
2023-07-23 13:58:48,822 - INFO - AWPAudio obteve êxito.
2023-07-23 13:59:35,192 - INFO - ——————————————— AllWhatsPy - AWP ———————————————
2023-07-23 13:59:35,192 - INFO - AWPMensagem obteve êxito.
2023-07-23 13:59:35,193 - INFO - AWPContatos obteve êxito.
2023-07-23 13:59:35,193 - INFO - AWPAudio obteve êxito.
2023-07-23 14:01:18,113 - INFO - ——————————————— AllWhatsPy - AWP ———————————————
2023-07-23 14:01:18,114 - INFO - AWPMensagem obteve êxito.
2023-07-23 14:01:18,114 - INFO - AWPContatos obteve êxito.
2023-07-23 14:01:18,114 - INFO - AWPAudio obteve êxito.
2023-07-23 14:02:05,301 - INFO - ——————————————— AllWhatsPy - AWP ———————————————
2023-07-23 14:02:05,302 - INFO - AWPMensagem obteve êxito.
2023-07-23 14:02:05,302 - INFO - AWPContatos obteve êxito.
2023-07-23 14:02:05,302 - INFO - AWPAudio obteve êxito.
2023-07-23 14:02:23,671 - INFO - ——————————————— AllWhatsPy - AWP ———————————————
2023-07-23 14:02:23,671 - INFO - AWPMensagem obteve êxito.
2023-07-23 14:02:23,671 - INFO - AWPContatos obteve êxito.
2023-07-23 14:02:23,672 - INFO - AWPAudio obteve êxito.
2023-07-23 14:06:35,780 - INFO - ——————————————— AllWhatsPy - AWP ———————————————
2023-07-23 14:06:35,780 - INFO - AWPMensagem obteve êxito.
2023-07-23 14:06:35,780 - INFO - AWPContatos obteve êxito.
2023-07-23 14:06:35,780 - INFO - AWPAudio obteve êxito.
2023-07-23 14:07:14,044 - INFO - ——————————————— AllWhatsPy - AWP ———————————————
2023-07-23 14:07:14,045 - INFO - AWPMensagem obteve êxito.
2023-07-23 14:07:14,045 - INFO - AWPContatos obteve êxito.
2023-07-23 14:07:14,045 - INFO - AWPAudio obteve êxito.
2023-07-23 15:16:20,198 - INFO - ——————————————— AllWhatsPy - AWP ———————————————
2023-07-23 15:16:20,198 - INFO - AWPMensagem obteve êxito.
2023-07-23 15:16:20,199 - INFO - AWPContatos obteve êxito.
2023-07-23 15:16:20,199 - INFO - AWPAudio obteve êxito.
2023-07-23 15:16:20,200 - INFO - ====== WebDriver manager ======
2023-07-23 15:16:20,823 - INFO - Driver [C:\Users\lucas\.wdm\drivers\chromedriver\win32\115.0.5790.102\chromedriver-win32/chromedriver.exe] found in cache
2023-07-23 15:16:23,586 - INFO - Aguardando Login via QR Code...
2023-07-23 15:50:20,870 - INFO - ——————————————— AllWhatsPy - AWP ———————————————
2023-07-23 15:50:20,870 - INFO - AWPMensagem obteve êxito.
2023-07-23 15:50:20,870 - INFO - AWPContatos obteve êxito.
2023-07-23 15:50:20,870 - INFO - AWPAudio obteve êxito.
2023-07-23 15:50:20,871 - INFO - ====== WebDriver manager ======
2023-07-23 15:50:21,436 - INFO - Driver [C:\Users\lucas\.wdm\drivers\chromedriver\win32\115.0.5790.102\chromedriver-win32/chromedriver.exe] found in cache
2023-07-23 15:50:23,508 - INFO - Aguardando Login via QR Code...
2023-07-23 15:50:28,510 - INFO - Aguardando Login via QR Code...
2023-07-23 15:50:33,513 - INFO - Aguardando Login via QR Code...
2023-07-23 15:50:38,515 - INFO - Aguardando Login via QR Code...
2023-07-23 15:50:43,517 - INFO - Aguardando Login via QR Code...
2023-07-23 15:50:48,520 - INFO - Aguardando Login via QR Code...
2023-07-23 15:50:54,908 - INFO - ——————————————— AllWhatsPy - AWP ———————————————
2023-07-23 15:50:54,908 - INFO - AWPMensagem obteve êxito.
2023-07-23 15:50:54,908 - INFO - AWPContatos obteve êxito.
2023-07-23 15:50:54,908 - INFO - AWPAudio obteve êxito.
2023-07-23 15:50:54,909 - INFO - ====== WebDriver manager ======
2023-07-23 15:50:55,324 - INFO - Driver [C:\Users\lucas\.wdm\drivers\chromedriver\win32\115.0.5790.102\chromedriver-win32/chromedriver.exe] found in cache
2023-07-23 15:50:57,258 - INFO - Aguardando Login via QR Code...
2023-07-23 15:51:02,260 - INFO - Aguardando Login via QR Code...
2023-07-23 15:56:55,717 - INFO - ——————————————— AllWhatsPy - AWP ———————————————
2023-07-23 15:56:55,718 - INFO - AWPMensagem obteve êxito.
2023-07-23 15:56:55,718 - INFO - AWPContatos obteve êxito.
2023-07-23 15:56:55,718 - INFO - AWPAudio obteve êxito.
2023-07-23 15:56:55,719 - INFO - ====== WebDriver manager ======
2023-07-23 15:56:56,134 - INFO - Driver [C:\Users\lucas\.wdm\drivers\chromedriver\win32\115.0.5790.102\chromedriver-win32/chromedriver.exe] found in cache
2023-07-23 15:56:58,148 - INFO - Aguardando Login via QR Code...
2023-07-23 15:57:03,159 - INFO - Aguardando Login via QR Code...
2023-07-23 15:57:08,170 - INFO - Aguardando Login via QR Code...
2023-07-23 15:57:13,186 - INFO - Aguardando Login via QR Code...
2023-07-23 15:57:18,273 - INFO - Conexao Efetuada!
2023-07-23 15:57:25,021 - INFO - Atual Contato: +55 21 95906-1623
2023-07-23 15:57:25,022 - INFO - Lista de contatos acessados nesta instância: +55 21 95906-1623
2023-07-23 15:57:25,023 - INFO - encontrar_contato finalizou sua execução com êxito
2023-07-23 15:57:31,528 - INFO - Atual Contato: Nilda
2023-07-23 15:57:31,529 - INFO - Lista de contatos acessados nesta instância: +55 21 95906-1623 — Nilda
2023-07-23 15:57:31,529 - INFO - encontrar_contato finalizou sua execução com êxito
2023-07-23 15:57:36,892 - INFO - Atual Contato: +55 21 95906-1623
2023-07-23 15:57:36,893 - INFO - Lista de contatos acessados nesta instância: +55 21 95906-1623 — Nilda — +55 21 95906-1623
2023-07-23 15:57:36,893 - INFO - encontrar_contato finalizou sua execução com êxito
2023-07-23 16:05:24,455 - INFO - ——————————————— AllWhatsPy - AWP ———————————————
2023-07-23 16:05:24,455 - INFO - AWPMensagem obteve êxito.
2023-07-23 16:05:24,455 - INFO - AWPContatos obteve êxito.
2023-07-23 16:05:24,455 - INFO - AWPAudio obteve êxito.
2023-07-23 16:05:24,456 - INFO - ====== WebDriver manager ======
2023-07-23 16:05:24,982 - INFO - Driver [C:\Users\lucas\.wdm\drivers\chromedriver\win32\115.0.5790.102\chromedriver-win32/chromedriver.exe] found in cache
2023-07-23 16:05:27,028 - INFO - Aguardando Login via QR Code...
2023-07-23 16:05:32,031 - INFO - Aguardando Login via QR Code...
2023-07-23 16:05:37,034 - INFO - Aguardando Login via QR Code...
2023-07-23 16:05:41,752 - INFO - ——————————————— AllWhatsPy - AWP ———————————————
2023-07-23 16:05:41,753 - INFO - AWPMensagem obteve êxito.
2023-07-23 16:05:41,753 - INFO - AWPContatos obteve êxito.
2023-07-23 16:05:41,753 - INFO - AWPAudio obteve êxito.
2023-07-23 16:05:41,754 - INFO - ====== WebDriver manager ======
2023-07-23 16:05:42,162 - INFO - Driver [C:\Users\lucas\.wdm\drivers\chromedriver\win32\115.0.5790.102\chromedriver-win32/chromedriver.exe] found in cache
2023-07-23 16:05:44,220 - INFO - Aguardando Login via QR Code...
2023-07-23 16:05:49,224 - INFO - Aguardando Login via QR Code...
2023-07-23 16:05:54,226 - INFO - Aguardando Login via QR Code...
2023-07-23 16:05:59,229 - INFO - Aguardando Login via QR Code...
2023-07-23 16:06:04,231 - INFO - Aguardando Login via QR Code...
2023-07-23 16:06:09,234 - INFO - Aguardando Login via QR Code...
2023-07-23 16:06:14,236 - INFO - Aguardando Login via QR Code...
2023-07-23 16:06:19,238 - INFO - Aguardando Login via QR Code...
2023-07-23 16:24:43,640 - INFO - ——————————————— AllWhatsPy - AWP ———————————————
2023-07-23 16:24:43,641 - INFO - AWPMensagem obteve êxito.
2023-07-23 16:24:43,641 - INFO - AWPContatos obteve êxito.
2023-07-23 16:24:43,641 - INFO - AWPAudio obteve êxito.
2023-07-23 16:24:43,642 - INFO - ====== WebDriver manager ======
2023-07-23 16:24:44,075 - INFO - Driver [C:\Users\lucas\.wdm\drivers\chromedriver\win32\115.0.5790.102\chromedriver-win32/chromedriver.exe] found in cache
2023-07-23 16:24:46,147 - INFO - Aguardando Login via QR Code...
2023-07-23 16:24:51,160 - INFO - Aguardando Login via QR Code...
2023-07-23 16:24:56,173 - INFO - Aguardando Login via QR Code...
2023-07-23 16:25:01,200 - INFO - Aguardando Login via QR Code...
2023-07-23 16:25:06,247 - INFO - Conexao Efetuada.
2023-07-23 16:26:52,200 - INFO - ——————————————— AllWhatsPy - AWP ———————————————
2023-07-23 16:26:52,200 - INFO - AWPMensagem obteve êxito.
2023-07-23 16:26:52,201 - INFO - AWPContatos obteve êxito.
2023-07-23 16:26:52,201 - INFO - AWPAudio obteve êxito.
2023-07-23 16:26:52,201 - INFO - ====== WebDriver manager ======
2023-07-23 16:26:52,623 - INFO - Driver [C:\Users\lucas\.wdm\drivers\chromedriver\win32\115.0.5790.102\chromedriver-win32/chromedriver.exe] found in cache
2023-07-23 16:26:54,834 - INFO - Aguardando Login via QR Code...
2023-07-23 16:26:59,882 - INFO - Aguardando Login via QR Code...
2023-07-23 16:27:05,150 - INFO - Aguardando Login via QR Code...
2023-07-23 16:27:10,166 - INFO - Conexao Efetuada.
2023-07-23 16:28:57,906 - INFO - ——————————————— AllWhatsPy - AWP ———————————————
2023-07-23 16:28:57,906 - INFO - AWPMensagem obteve êxito.
2023-07-23 16:28:57,906 - INFO - AWPContatos obteve êxito.
2023-07-23 16:28:57,906 - INFO - AWPAudio obteve êxito.
2023-07-23 16:28:57,907 - INFO - ====== WebDriver manager ======
2023-07-23 16:28:58,310 - INFO - Driver [C:\Users\lucas\.wdm\drivers\chromedriver\win32\115.0.5790.102\chromedriver-win32/chromedriver.exe] found in cache
2023-07-23 16:29:00,286 - INFO - Aguardando Login via QR Code...
2023-07-23 16:29:05,299 - INFO - Aguardando Login via QR Code...
2023-07-23 16:29:10,309 - INFO - Aguardando Login via QR Code...
2023-07-23 16:29:15,321 - INFO - Aguardando Login via QR Code...
2023-07-23 16:29:20,403 - INFO - Conexao Efetuada.
2023-07-23 16:34:34,274 - INFO - ——————————————— AllWhatsPy - AWP ———————————————
2023-07-23 16:34:34,274 - INFO - AWPMensagem obteve êxito.
2023-07-23 16:34:34,275 - INFO - AWPContatos obteve êxito.
2023-07-23 16:34:34,275 - INFO - AWPAudio obteve êxito.
2023-07-23 16:34:34,275 - INFO - ====== WebDriver manager ======
2023-07-23 16:34:34,688 - INFO - Driver [C:\Users\lucas\.wdm\drivers\chromedriver\win32\115.0.5790.102\chromedriver-win32/chromedriver.exe] found in cache
2023-07-23 16:34:37,050 - INFO - Aguardando Login via QR Code...
2023-07-23 16:34:42,060 - INFO - Aguardando Login via QR Code...
2023-07-23 16:34:47,176 - INFO - Aguardando Login via QR Code...
2023-07-23 16:34:52,189 - INFO - Conexao Efetuada.
2023-07-23 16:34:59,262 - INFO - Atual Contato: +55 21 95906-1623
2023-07-23 16:34:59,262 - INFO - Lista de contatos acessados nesta instância: (+55 21 95906-1623)
2023-07-23 16:34:59,263 - INFO - encontrar_contato finalizou sua execução com êxito
2023-07-23 16:35:04,969 - INFO - Atual Contato: Nilda
2023-07-23 16:35:04,969 - INFO - Lista de contatos acessados nesta instância: (+55 21 95906-1623 — Nilda)
2023-07-23 16:35:04,970 - INFO - encontrar_contato finalizou sua execução com êxito
2023-07-23 16:35:09,985 - INFO - Atual Contato: +55 21 95906-1623
2023-07-23 16:35:09,986 - INFO - Lista de contatos acessados nesta instância: (+55 21 95906-1623 — Nilda — +55 21 95906-1623)
2023-07-23 16:35:09,986 - INFO - encontrar_contato finalizou sua execução com êxito
2023-07-23 16:43:05,002 - INFO - ——————————————— AllWhatsPy - AWP ———————————————
2023-07-23 16:43:05,002 - INFO - AWPMensagem obteve êxito.
2023-07-23 16:43:05,002 - INFO - AWPContatos obteve êxito.
2023-07-23 16:43:05,002 - INFO - AWPAudio obteve êxito.
2023-07-23 16:43:05,003 - INFO - ====== WebDriver manager ======
2023-07-23 16:43:05,434 - INFO - Driver [C:\Users\lucas\.wdm\drivers\chromedriver\win32\115.0.5790.102\chromedriver-win32/chromedriver.exe] found in cache
2023-07-23 16:43:07,971 - INFO - Aguardando Login via QR Code...
2023-07-23 16:43:12,984 - INFO - Aguardando Login via QR Code...
2023-07-23 16:43:18,387 - INFO - Aguardando Login via QR Code...
2023-07-23 16:43:23,409 - INFO - Conexao Efetuada.
2023-07-23 16:43:30,468 - INFO - Atual Contato: +55 21 95906-1623
2023-07-23 16:43:30,468 - INFO - Lista de contatos acessados nesta instância: (+55 21 95906-1623)
2023-07-23 16:43:30,468 - INFO - encontrar_contato finalizou sua execução com êxito
2023-07-23 16:43:36,647 - INFO - Atual Contato: +55 21 98427-3613
2023-07-23 16:43:36,648 - INFO - Lista de contatos acessados nesta instância: (+55 21 95906-1623 — +55 21 98427-3613)
2023-07-23 16:43:36,648 - INFO - encontrar_contato finalizou sua execução com êxito
2023-07-23 16:43:42,285 - INFO - Atual Contato: +55 21 95906-1623
2023-07-23 16:43:42,285 - INFO - Lista de contatos acessados nesta instância: (+55 21 95906-1623 — +55 21 98427-3613 — +55 21 95906-1623)
2023-07-23 16:43:42,285 - INFO - encontrar_contato finalizou sua execução com êxito
2023-07-23 16:43:58,192 - INFO - ——————————————— AllWhatsPy - AWP ———————————————
2023-07-23 16:43:58,192 - INFO - AWPMensagem obteve êxito.
2023-07-23 16:43:58,192 - INFO - AWPContatos obteve êxito.
2023-07-23 16:43:58,192 - INFO - AWPAudio obteve êxito.
2023-07-23 16:43:58,193 - INFO - ====== WebDriver manager ======
2023-07-23 16:43:58,609 - INFO - Driver [C:\Users\lucas\.wdm\drivers\chromedriver\win32\115.0.5790.102\chromedriver-win32/chromedriver.exe] found in cache
2023-07-23 16:44:00,590 - INFO - Aguardando Login via QR Code...
2023-07-23 16:44:05,601 - INFO - Aguardando Login via QR Code...
2023-07-23 16:44:10,614 - INFO - Aguardando Login via QR Code...
2023-07-23 16:44:15,640 - INFO - Aguardando Login via QR Code...
2023-07-23 16:44:20,652 - INFO - Aguardando Login via QR Code...
2023-07-23 16:44:25,664 - INFO - Aguardando Login via QR Code...
2023-07-23 16:44:30,678 - INFO - Conexao Efetuada.
2023-07-23 16:44:37,671 - INFO - Atual Contato: +55 21 95906-1623
2023-07-23 16:44:37,672 - INFO - Lista de contatos acessados nesta instância: (+55 21 95906-1623)
2023-07-23 16:44:37,672 - INFO - encontrar_contato finalizou sua execução com êxito
2023-07-23 16:44:43,941 - INFO - Atual Contato: Nilda
2023-07-23 16:44:43,941 - INFO - Lista de contatos acessados nesta instância: (+55 21 95906-1623 — Nilda)
2023-07-23 16:44:43,941 - INFO - encontrar_contato finalizou sua execução com êxito
2023-07-23 16:44:49,623 - INFO - Atual Contato: +55 21 95906-1623
2023-07-23 16:44:49,623 - INFO - Lista de contatos acessados nesta instância: (+55 21 95906-1623 — Nilda — +55 21 95906-1623)
2023-07-23 16:44:49,624 - INFO - encontrar_contato finalizou sua execução com êxito
2023-07-23 16:47:50,368 - INFO - ——————————————— AllWhatsPy - AWP ———————————————
2023-07-23 16:47:50,369 - INFO - AWPMensagem obteve êxito.
2023-07-23 16:47:50,369 - INFO - AWPContatos obteve êxito.
2023-07-23 16:47:50,369 - INFO - AWPAudio obteve êxito.
2023-07-23 16:47:50,370 - INFO - ====== WebDriver manager ======
2023-07-23 16:47:50,790 - INFO - Driver [C:\Users\lucas\.wdm\drivers\chromedriver\win32\115.0.5790.102\chromedriver-win32/chromedriver.exe] found in cache
2023-07-23 16:47:52,777 - INFO - Aguardando Login via QR Code...
2023-07-23 16:47:57,787 - INFO - Aguardando Login via QR Code...
2023-07-23 16:48:02,800 - INFO - Aguardando Login via QR Code...
2023-07-23 16:48:07,815 - INFO - Aguardando Login via QR Code...
2023-07-23 16:48:12,998 - INFO - Aguardando Login via QR Code...
2023-07-23 16:48:18,181 - INFO - Conexao Efetuada.
2023-07-23 16:48:25,695 - INFO - Atual Contato: +55 21 95906-1623
2023-07-23 16:48:25,696 - INFO - Lista de contatos acessados nesta instância: (+55 21 95906-1623)
2023-07-23 16:48:25,696 - INFO - encontrar_contato finalizou sua execução com êxito
2023-07-23 16:48:56,406 - INFO - ——————————————— AllWhatsPy - AWP ———————————————
2023-07-23 16:48:56,406 - INFO - AWPMensagem obteve êxito.
2023-07-23 16:48:56,407 - INFO - AWPContatos obteve êxito.
2023-07-23 16:48:56,407 - INFO - AWPAudio obteve êxito.
2023-07-23 16:48:56,407 - INFO - ====== WebDriver manager ======
2023-07-23 16:48:56,819 - INFO - Driver [C:\Users\lucas\.wdm\drivers\chromedriver\win32\115.0.5790.102\chromedriver-win32/chromedriver.exe] found in cache
2023-07-23 16:48:58,898 - INFO - Aguardando Login via QR Code...
2023-07-23 16:49:03,909 - INFO - Aguardando Login via QR Code...
2023-07-23 16:49:08,926 - INFO - Aguardando Login via QR Code...
2023-07-23 16:49:14,121 - INFO - Aguardando Login via QR Code...
2023-07-23 16:49:19,138 - INFO - Conexao Efetuada.
2023-07-23 16:49:27,250 - INFO - Atual Contato: +55 21 95906-1623
2023-07-23 16:49:27,250 - INFO - Lista de contatos acessados nesta instância: (+55 21 95906-1623)
2023-07-23 16:49:27,251 - INFO - encontrar_contato finalizou sua execução com êxito
2023-07-23 16:49:27,595 - INFO - Mensagem enviada para +55 21 95906-1623
2023-07-23 16:49:27,595 - INFO - enviar_mensagem finalizou sua execução com êxito.
2023-07-23 16:49:27,859 - INFO - Mensagem enviada para +55 21 95906-1623
2023-07-23 16:49:27,859 - INFO - enviar_mensagem finalizou sua execução com êxito.
2023-07-23 17:04:04,409 - INFO - AWPMensagem obteve êxito.
2023-07-23 17:04:04,410 - INFO - AWPContatos obteve êxito.
2023-07-23 17:52:32,595 - INFO - ——————————————— AllWhatsPy - AWP ———————————————
2023-07-23 17:52:32,598 - INFO - AWPMensagem obteve êxito.
2023-07-23 17:52:32,598 - INFO - AWPContatos obteve êxito.
2023-07-23 17:52:32,599 - INFO - AWPAudio obteve êxito.
2023-07-23 17:52:32,600 - INFO - ====== WebDriver manager ======
2023-07-23 17:52:36,298 - INFO - Driver [C:\Users\lucas\.wdm\drivers\chromedriver\win32\115.0.5790.102\chromedriver-win32/chromedriver.exe] found in cache
2023-07-23 17:53:21,370 - INFO - ——————————————— AllWhatsPy - AWP ———————————————
2023-07-23 17:53:21,371 - INFO - AWPMensagem obteve êxito.
2023-07-23 17:53:21,371 - INFO - AWPContatos obteve êxito.
2023-07-23 17:53:21,371 - INFO - AWPAudio obteve êxito.
2023-07-23 17:53:21,373 - INFO - ====== WebDriver manager ======
2023-07-23 17:53:23,571 - INFO - Driver [C:\Users\lucas\.wdm\drivers\chromedriver\win32\115.0.5790.102\chromedriver-win32/chromedriver.exe] found in cache
2023-07-23 17:53:28,247 - INFO - Aguardando Login via QR Code...
2023-07-23 18:02:19,368 - INFO - ——————————————— AllWhatsPy - AWP ———————————————
2023-07-23 18:02:19,368 - INFO - AWPMensagem obteve êxito.
2023-07-23 18:02:19,368 - INFO - AWPContatos obteve êxito.
2023-07-23 18:02:19,368 - INFO - AWPAudio obteve êxito.
2023-07-23 18:02:38,315 - INFO - ——————————————— AllWhatsPy - AWP ———————————————
2023-07-23 18:02:38,315 - INFO - AWPMensagem obteve êxito.
2023-07-23 18:02:38,315 - INFO - AWPContatos obteve êxito.
2023-07-23 18:02:38,315 - INFO - AWPAudio obteve êxito.
2023-07-23 18:04:09,458 - INFO - ——————————————— AllWhatsPy - AWP ———————————————
2023-07-23 18:04:09,459 - INFO - AWPMensagem obteve êxito.
2023-07-23 18:04:09,459 - INFO - AWPContatos obteve êxito.
2023-07-23 18:04:09,459 - INFO - AWPAudio obteve êxito.
2023-07-23 18:04:21,207 - INFO - ——————————————— AllWhatsPy - AWP ———————————————
2023-07-23 18:04:21,207 - INFO - AWPMensagem obteve êxito.
2023-07-23 18:04:21,207 - INFO - AWPContatos obteve êxito.
2023-07-23 18:04:21,207 - INFO - AWPAudio obteve êxito.
2023-07-23 18:14:16,421 - INFO - ——————————————— AllWhatsPy - AWP ———————————————
2023-07-23 18:14:16,422 - INFO - AWPMensagem obteve êxito.
2023-07-23 18:14:16,422 - INFO - AWPContatos obteve êxito.
2023-07-23 18:14:16,422 - INFO - AWPAudio obteve êxito.
2023-07-23 18:14:56,964 - INFO - ——————————————— AllWhatsPy - AWP ———————————————
2023-07-23 18:14:56,964 - INFO - AWPMensagem obteve êxito.
2023-07-23 18:14:56,964 - INFO - AWPContatos obteve êxito.
2023-07-23 18:14:56,964 - INFO - AWPAudio obteve êxito.
2023-07-23 18:18:58,283 - INFO - ——————————————— AllWhatsPy - AWP ———————————————
2023-07-23 18:18:58,284 - INFO - AWPMensagem obteve êxito.
2023-07-23 18:18:58,284 - INFO - AWPContatos obteve êxito.
2023-07-23 18:18:58,284 - INFO - AWPAudio obteve êxito.
2023-07-23 18:19:18,693 - INFO - ——————————————— AllWhatsPy - AWP ———————————————
2023-07-23 18:19:18,693 - INFO - AWPMensagem obteve êxito.
2023-07-23 18:19:18,693 - INFO - AWPContatos obteve êxito.
2023-07-23 18:19:18,693 - INFO - AWPAudio obteve êxito.
2023-07-23 18:19:25,553 - INFO - ——————————————— AllWhatsPy - AWP ———————————————
2023-07-23 18:19:25,559 - INFO - AWPMensagem obteve êxito.
2023-07-23 18:19:25,559 - INFO - AWPContatos obteve êxito.
2023-07-23 18:19:25,559 - INFO - AWPAudio obteve êxito.
2023-07-23 18:19:40,741 - INFO - ——————————————— AllWhatsPy - AWP ———————————————
2023-07-23 18:19:40,741 - INFO - AWPMensagem obteve êxito.
2023-07-23 18:19:40,741 - INFO - AWPContatos obteve êxito.
2023-07-23 18:19:40,741 - INFO - AWPAudio obteve êxito.
2023-07-23 18:19:40,741 - INFO - ====== WebDriver manager ======
2023-07-23 18:19:41,225 - INFO - Driver [C:\Users\lucas\.wdm\drivers\chromedriver\win32\115.0.5790.102\chromedriver-win32/chromedriver.exe] found in cache
2023-07-23 18:19:46,034 - INFO - Aguardando Login via QR Code...
2023-07-23 18:19:51,052 - INFO - Aguardando Login via QR Code...
2023-07-23 18:19:56,063 - INFO - Aguardando Login via QR Code...
2023-07-23 18:20:01,074 - INFO - Aguardando Login via QR Code...
2023-07-23 18:20:06,086 - INFO - Aguardando Login via QR Code...
2023-07-23 18:20:11,463 - INFO - Conexao Efetuada.
2023-07-23 18:20:35,303 - INFO - ——————————————— AllWhatsPy - AWP ———————————————
2023-07-23 18:20:35,303 - INFO - AWPMensagem obteve êxito.
2023-07-23 18:20:35,303 - INFO - AWPContatos obteve êxito.
2023-07-23 18:20:35,303 - INFO - AWPAudio obteve êxito.
2023-07-23 18:20:35,303 - INFO - ====== WebDriver manager ======
2023-07-23 18:20:35,704 - INFO - Driver [C:\Users\lucas\.wdm\drivers\chromedriver\win32\115.0.5790.102\chromedriver-win32/chromedriver.exe] found in cache
2023-07-23 18:20:37,852 - INFO - Aguardando Login via QR Code...
2023-07-23 18:20:42,865 - INFO - Aguardando Login via QR Code...
2023-07-23 18:20:47,878 - INFO - Aguardando Login via QR Code...
2023-07-23 18:20:53,001 - INFO - Aguardando Login via QR Code...
2023-07-23 18:20:58,152 - INFO - Conexao Efetuada.
2023-07-23 20:51:37,291 - INFO - ——————————————— AllWhatsPy - AWP ———————————————
2023-07-23 20:51:37,291 - INFO - AWPMensagem obteve êxito.
2023-07-23 20:51:37,292 - INFO - AWPContatos obteve êxito.
2023-07-23 20:51:37,292 - INFO - AWPAudio obteve êxito.
2023-07-23 20:51:37,292 - INFO - ====== WebDriver manager ======
2023-07-23 20:51:37,864 - INFO - Driver [C:\Users\lucas\.wdm\drivers\chromedriver\win32\115.0.5790.102\chromedriver-win32/chromedriver.exe] found in cache
2023-07-23 20:51:41,998 - INFO - Aguardando Login via QR Code...
2023-07-23 20:51:47,004 - INFO - Aguardando Login via QR Code...
2023-07-23 20:51:52,744 - INFO - Aguardando Login via QR Code...
2023-07-23 20:51:57,900 - INFO - Conexao Efetuada.
2023-07-23 20:52:05,171 - INFO - Atual Contato: +55 21 95906-1623
2023-07-23 20:52:05,173 - INFO - Lista de contatos acessados nesta instância: (+55 21 95906-1623)
2023-07-23 20:52:05,173 - INFO - AllWhatsPy.encontrar_usuario() finalizou sua execução com êxito
2023-07-23 20:52:06,354 - INFO - Atual Contato: Python
2023-07-23 20:52:06,354 - INFO - Lista de contatos acessados nesta instância: (+55 21 95906-1623 — Python)
2023-07-23 20:52:06,354 - INFO - AllWhatsPy.chat_abaixo() finalizou sua execução com êxito
2023-07-23 21:29:50,270 - INFO - ——————————————— AllWhatsPy - AWP ———————————————
2023-07-23 21:29:50,270 - INFO - AWPMensagem obteve êxito.
2023-07-23 21:29:50,270 - INFO - AWPContatos obteve êxito.
2023-07-23 21:29:50,270 - INFO - AWPAudio obteve êxito.
2023-07-23 21:29:50,270 - INFO - ====== WebDriver manager ======
2023-07-23 21:29:50,804 - INFO - Driver [C:\Users\lucas\.wdm\drivers\chromedriver\win32\115.0.5790.102\chromedriver-win32/chromedriver.exe] found in cache
2023-07-23 21:29:53,685 - INFO - Aguardando Login via QR Code...
2023-07-23 21:29:58,696 - INFO - Aguardando Login via QR Code...
2023-07-23 21:30:03,709 - INFO - Aguardando Login via QR Code...
2023-07-23 21:30:08,719 - INFO - Aguardando Login via QR Code...
2023-07-23 21:30:14,643 - INFO - Conexao Efetuada.
2023-07-23 21:30:21,991 - INFO - Atual Contato: +55 21 95906-1623
2023-07-23 21:30:21,991 - INFO - Lista de contatos acessados nesta instância: (+55 21 95906-1623)
2023-07-23 21:30:21,991 - INFO - AllWhatsPy.encontrar_usuario() finalizou sua execução com êxito
2023-07-23 21:30:23,061 - INFO - AllWhatsPy._executar_ordem_de_teclas() finalizou sua execução com êxito
2023-07-23 21:30:23,101 - INFO - Atual Contato: +55 21 95906-1623
2023-07-23 21:30:23,101 - INFO - Lista de contatos acessados nesta instância: (+55 21 95906-1623 — +55 21 95906-1623)
2023-07-23 21:30:23,105 - INFO - AllWhatsPy.chat_abaixo() finalizou sua execução com êxito
2023-07-23 21:30:24,173 - INFO - AllWhatsPy._executar_ordem_de_teclas() finalizou sua execução com êxito
2023-07-23 21:30:24,223 - INFO - Atual Contato: +55 21 95906-1623
2023-07-23 21:30:24,224 - INFO - Lista de contatos acessados nesta instância: (+55 21 95906-1623 — +55 21 95906-1623 — +55 21 95906-1623)
2023-07-23 21:30:24,224 - INFO - AllWhatsPy.chat_acima() finalizou sua execução com êxito
2023-07-23 21:33:55,529 - INFO - ——————————————— AllWhatsPy - AWP ———————————————
2023-07-23 21:33:55,529 - INFO - AWPMensagem obteve êxito.
2023-07-23 21:33:55,529 - INFO - AWPContatos obteve êxito.
2023-07-23 21:33:55,529 - INFO - AWPAudio obteve êxito.
2023-07-23 21:33:55,529 - INFO - ====== WebDriver manager ======
2023-07-23 21:33:55,948 - INFO - Driver [C:\Users\lucas\.wdm\drivers\chromedriver\win32\115.0.5790.102\chromedriver-win32/chromedriver.exe] found in cache
2023-07-23 21:34:01,716 - INFO - Aguardando Login via QR Code...
2023-07-23 21:34:06,726 - INFO - Aguardando Login via QR Code...
2023-07-23 21:34:11,736 - INFO - Aguardando Login via QR Code...
2023-07-23 21:34:16,760 - INFO - Conexao Efetuada.
2023-07-23 21:34:25,543 - INFO - Atual Contato: +55 21 95906-1623
2023-07-23 21:34:25,543 - INFO - Lista de contatos acessados nesta instância: (+55 21 95906-1623)
2023-07-23 21:34:25,543 - INFO - AllWhatsPy.encontrar_usuario() finalizou sua execução com êxito
2023-07-23 21:34:25,746 - INFO - Atual Contato: +55 21 95906-1623
2023-07-23 21:34:25,746 - INFO - Lista de contatos acessados nesta instância: (+55 21 95906-1623 — +55 21 95906-1623)
2023-07-23 21:34:25,746 - INFO - AllWhatsPy._executar_ordem_de_teclas() finalizou sua execução com êxito
2023-07-23 21:34:26,747 - INFO - AllWhatsPy.chat_abaixo() finalizou sua execução com êxito
2023-07-23 21:34:27,804 - INFO - Atual Contato: +55 21 95906-1623
2023-07-23 21:34:27,804 - INFO - Lista de contatos acessados nesta instância: (+55 21 95906-1623 — +55 21 95906-1623 — +55 21 95906-1623)
2023-07-23 21:34:27,868 - INFO - Atual Contato: +55 21 95906-1623
2023-07-23 21:34:27,868 - INFO - Lista de contatos acessados nesta instância: (+55 21 95906-1623 — +55 21 95906-1623 — +55 21 95906-1623 — +55 21 95906-1623)
2023-07-23 21:34:27,868 - INFO - AllWhatsPy._executar_ordem_de_teclas() finalizou sua execução com êxito
2023-07-23 21:34:28,869 - INFO - AllWhatsPy.chat_acima() finalizou sua execução com êxito
2023-07-23 21:35:12,930 - INFO - ——————————————— AllWhatsPy - AWP ———————————————
2023-07-23 21:35:12,930 - INFO - AWPMensagem obteve êxito.
2023-07-23 21:35:12,930 - INFO - AWPContatos obteve êxito.
2023-07-23 21:35:12,930 - INFO - AWPAudio obteve êxito.
2023-07-23 21:35:12,930 - INFO - ====== WebDriver manager ======
2023-07-23 21:35:13,334 - INFO - Driver [C:\Users\lucas\.wdm\drivers\chromedriver\win32\115.0.5790.102\chromedriver-win32/chromedriver.exe] found in cache
2023-07-23 21:35:15,510 - INFO - Aguardando Login via QR Code...
2023-07-23 21:35:20,516 - INFO - Aguardando Login via QR Code...
2023-07-23 21:35:25,536 - INFO - Aguardando Login via QR Code...
2023-07-23 21:35:30,665 - INFO - Conexao Efetuada.
2023-07-23 21:35:37,943 - INFO - Atual Contato: +55 21 95906-1623
2023-07-23 21:35:37,943 - INFO - Lista de contatos acessados nesta instância: (+55 21 95906-1623)
2023-07-23 21:35:37,943 - INFO - AllWhatsPy.encontrar_usuario() finalizou sua execução com êxito
2023-07-23 21:35:38,051 - INFO - Atual Contato: +55 21 95906-1623
2023-07-23 21:35:38,051 - INFO - Lista de contatos acessados nesta instância: (+55 21 95906-1623 — +55 21 95906-1623)
2023-07-23 21:35:38,053 - INFO - AllWhatsPy._executar_ordem_de_teclas() finalizou sua execução com êxito
2023-07-23 21:35:39,053 - INFO - AllWhatsPy.chat_abaixo() finalizou sua execução com êxito
2023-07-23 21:35:40,589 - INFO - Atual Contato: Python
2023-07-23 21:35:40,590 - INFO - Lista de contatos acessados nesta instância: (+55 21 95906-1623 — +55 21 95906-1623 — Python)
